Active-HDL 9.1.2353.4205  2016-05-01 14:44:43

Elaboration top modules:
Architecture                  Datapath_Behavioural(Datapath)


--------------------------------------------------------------------------------------------------------------------
Entity   | Architecture         | Library                   | Info | Compiler Version         | Compilation Options
--------------------------------------------------------------------------------------------------------------------
Datapath | Datapath_Behavioural | mpfsm_regfile_sort_design |      | 9.1.2353.4205  (Windows) | -O3
--------------------------------------------------------------------------------------------------------------------

--------------------------------------------------------------------------------------------------------------------
VHDL Package                    | Library                   | Info | Compiler Version         | Compilation Options
--------------------------------------------------------------------------------------------------------------------
standard                        | std                       |      |                          | <unavailable>
TEXTIO                          | std                       |      | 9.1.2353.4205  (Windows) |  -2008
std_logic_1164                  | ieee                      |      | 9.1.2353.4205  (Windows) |  -2008
std_logic_arith                 | ieee                      |      | 9.1.2353.4205  (Windows) | 
STD_LOGIC_UNSIGNED              | ieee                      |      | 9.1.2353.4205  (Windows) | 
NUMERIC_STD                     | ieee                      |      | 9.1.2353.4205  (Windows) |  -2008
--------------------------------------------------------------------------------------------------------------------

--------------------------------------------------------------------------------------------------------------------
Library                         | Comment
--------------------------------------------------------------------------------------------------------------------
ieee                            | Standard IEEE packages library
mpfsm_regfile_sort_design       | None
std                             | Standard VHDL library
--------------------------------------------------------------------------------------------------------------------


Simulation Options: asim -O5 +access +r +m+Datapath Datapath Datapath_Behavioural

